<?xml version="1.0" encoding="UTF-8"?>
<!-- Generated by org.testng.reporters.JUnitReportReporter -->
<testsuite hostname="P4A-508SD66" name="pooja1.Demorobot" tests="1" failures="0" timestamp="23 Jul 2018 05:08:48 GMT" time="5.425" errors="0">
  <testcase name="robotclass" time="5.425" classname="pooja1.Demorobot"/>
</testsuite> <!-- pooja1.Demorobot -->
