<?xml version="1.0" encoding="UTF-8"?>
<!-- Generated by org.testng.reporters.JUnitReportReporter -->
<testsuite hostname="P4A-508SD66" name="pooja1.Screenshot" tests="1" failures="0" timestamp="24 Jul 2018 03:38:01 GMT" time="1.183" errors="0">
  <testcase name="f" time="1.183" classname="pooja1.Screenshot"/>
</testsuite> <!-- pooja1.Screenshot -->
