<?xml version="1.0" encoding="UTF-8"?>
<!-- Generated by org.testng.reporters.JUnitReportReporter -->
<testsuite hostname="P4A-508SD66" name="pooja1.Scrolldown" tests="1" failures="0" timestamp="24 Jul 2018 03:42:54 GMT" time="0.155" errors="0">
  <testcase name="javascript" time="0.155" classname="pooja1.Scrolldown"/>
</testsuite> <!-- pooja1.Scrolldown -->
